<?xml version="1.0" encoding="UTF-8"?>
<!-- Generated by org.testng.reporters.JUnitReportReporter -->
<testsuite skipped="0" hostname="DESKTOP-2FMP69Q" name="Project.TC_58_createLead" tests="1" failures="0" timestamp="2021-10-04T11:13:08 IST" time="168.847" errors="0">
  <testcase name="createLeadAndDelete" time="168.847" classname="Project.TC_58_createLead"/>
  <system-out/>
</testsuite> <!-- Project.TC_58_createLead -->
